  Source.cpp
C:\Users\dvlas\OneDrive - Atlantic TU\2nd Year\Procedural Programming 2\Project\Project\Source.cpp(55,1): warning C4326: return type of 'main' should be 'int' instead of 'void'
C:\Users\dvlas\OneDrive - Atlantic TU\2nd Year\Procedural Programming 2\Project\Project\Source.cpp(60,10): warning C4996: 'fopen': This function or variable may be unsafe. Consider using fopen_s instead. To disable deprecation, use _CRT_SECURE_NO_WARNINGS. See online help for details.
C:\Users\dvlas\OneDrive - Atlantic TU\2nd Year\Procedural Programming 2\Project\Project\Source.cpp(79,4): warning C4996: 'fscanf': This function or variable may be unsafe. Consider using fscanf_s instead. To disable deprecation, use _CRT_SECURE_NO_WARNINGS. See online help for details.
C:\Users\dvlas\OneDrive - Atlantic TU\2nd Year\Procedural Programming 2\Project\Project\Source.cpp(86,3): warning C4996: 'scanf': This function or variable may be unsafe. Consider using scanf_s instead. To disable deprecation, use _CRT_SECURE_NO_WARNINGS. See online help for details.
C:\Users\dvlas\OneDrive - Atlantic TU\2nd Year\Procedural Programming 2\Project\Project\Source.cpp(134,14): warning C4996: 'fopen': This function or variable may be unsafe. Consider using fopen_s instead. To disable deprecation, use _CRT_SECURE_NO_WARNINGS. See online help for details.
C:\Users\dvlas\OneDrive - Atlantic TU\2nd Year\Procedural Programming 2\Project\Project\Source.cpp(142,2): warning C4996: 'scanf': This function or variable may be unsafe. Consider using scanf_s instead. To disable deprecation, use _CRT_SECURE_NO_WARNINGS. See online help for details.
C:\Users\dvlas\OneDrive - Atlantic TU\2nd Year\Procedural Programming 2\Project\Project\Source.cpp(148,7): warning C4996: 'getch': The POSIX name for this item is deprecated. Instead, use the ISO C and C++ conformant name: _getch. See online help for details.
C:\Users\dvlas\OneDrive - Atlantic TU\2nd Year\Procedural Programming 2\Project\Project\Source.cpp(178,3): warning C4996: 'fscanf': This function or variable may be unsafe. Consider using fscanf_s instead. To disable deprecation, use _CRT_SECURE_NO_WARNINGS. See online help for details.
C:\Users\dvlas\OneDrive - Atlantic TU\2nd Year\Procedural Programming 2\Project\Project\Source.cpp(223,13): warning C4996: 'fopen': This function or variable may be unsafe. Consider using fopen_s instead. To disable deprecation, use _CRT_SECURE_NO_WARNINGS. See online help for details.
C:\Users\dvlas\OneDrive - Atlantic TU\2nd Year\Procedural Programming 2\Project\Project\Source.cpp(247,2): warning C4996: 'strcpy': This function or variable may be unsafe. Consider using strcpy_s instead. To disable deprecation, use _CRT_SECURE_NO_WARNINGS. See online help for details.
C:\Users\dvlas\OneDrive - Atlantic TU\2nd Year\Procedural Programming 2\Project\Project\Source.cpp(248,2): warning C4996: 'strcpy': This function or variable may be unsafe. Consider using strcpy_s instead. To disable deprecation, use _CRT_SECURE_NO_WARNINGS. See online help for details.
C:\Users\dvlas\OneDrive - Atlantic TU\2nd Year\Procedural Programming 2\Project\Project\Source.cpp(251,2): warning C4996: 'strcpy': This function or variable may be unsafe. Consider using strcpy_s instead. To disable deprecation, use _CRT_SECURE_NO_WARNINGS. See online help for details.
C:\Users\dvlas\OneDrive - Atlantic TU\2nd Year\Procedural Programming 2\Project\Project\Source.cpp(243,17): warning C4101: 'temp': unreferenced local variable
C:\Users\dvlas\OneDrive - Atlantic TU\2nd Year\Procedural Programming 2\Project\Project\Source.cpp(292,2): warning C4996: 'scanf': This function or variable may be unsafe. Consider using scanf_s instead. To disable deprecation, use _CRT_SECURE_NO_WARNINGS. See online help for details.
C:\Users\dvlas\OneDrive - Atlantic TU\2nd Year\Procedural Programming 2\Project\Project\Source.cpp(361,2): warning C4996: 'scanf': This function or variable may be unsafe. Consider using scanf_s instead. To disable deprecation, use _CRT_SECURE_NO_WARNINGS. See online help for details.
C:\Users\dvlas\OneDrive - Atlantic TU\2nd Year\Procedural Programming 2\Project\Project\Source.cpp(354,17): warning C4101: 'temp2': unreferenced local variable
C:\Users\dvlas\OneDrive - Atlantic TU\2nd Year\Procedural Programming 2\Project\Project\Source.cpp(400,2): warning C4996: 'scanf': This function or variable may be unsafe. Consider using scanf_s instead. To disable deprecation, use _CRT_SECURE_NO_WARNINGS. See online help for details.
C:\Users\dvlas\OneDrive - Atlantic TU\2nd Year\Procedural Programming 2\Project\Project\Source.cpp(446,3): warning C4996: 'scanf': This function or variable may be unsafe. Consider using scanf_s instead. To disable deprecation, use _CRT_SECURE_NO_WARNINGS. See online help for details.
C:\Users\dvlas\OneDrive - Atlantic TU\2nd Year\Procedural Programming 2\Project\Project\Source.cpp(451,3): warning C4996: 'scanf': This function or variable may be unsafe. Consider using scanf_s instead. To disable deprecation, use _CRT_SECURE_NO_WARNINGS. See online help for details.
C:\Users\dvlas\OneDrive - Atlantic TU\2nd Year\Procedural Programming 2\Project\Project\Source.cpp(510,10): warning C4996: 'fopen': This function or variable may be unsafe. Consider using fopen_s instead. To disable deprecation, use _CRT_SECURE_NO_WARNINGS. See online help for details.
C:\Users\dvlas\OneDrive - Atlantic TU\2nd Year\Procedural Programming 2\Project\Project\Source.cpp(511,10): warning C4996: 'fopen': This function or variable may be unsafe. Consider using fopen_s instead. To disable deprecation, use _CRT_SECURE_NO_WARNINGS. See online help for details.
C:\Users\dvlas\OneDrive - Atlantic TU\2nd Year\Procedural Programming 2\Project\Project\Source.cpp(613,3): warning C4996: 'scanf': This function or variable may be unsafe. Consider using scanf_s instead. To disable deprecation, use _CRT_SECURE_NO_WARNINGS. See online help for details.
C:\Users\dvlas\OneDrive - Atlantic TU\2nd Year\Procedural Programming 2\Project\Project\Source.cpp(605,6): warning C4101: 'userInput': unreferenced local variable
C:\Users\dvlas\OneDrive - Atlantic TU\2nd Year\Procedural Programming 2\Project\Project\Source.cpp(607,6): warning C4101: 'userInuput': unreferenced local variable
C:\Users\dvlas\OneDrive - Atlantic TU\2nd Year\Procedural Programming 2\Project\Project\Source.cpp(648,3): warning C4996: 'scanf': This function or variable may be unsafe. Consider using scanf_s instead. To disable deprecation, use _CRT_SECURE_NO_WARNINGS. See online help for details.
C:\Users\dvlas\OneDrive - Atlantic TU\2nd Year\Procedural Programming 2\Project\Project\Source.cpp(673,2): warning C4996: 'scanf': This function or variable may be unsafe. Consider using scanf_s instead. To disable deprecation, use _CRT_SECURE_NO_WARNINGS. See online help for details.
C:\Users\dvlas\OneDrive - Atlantic TU\2nd Year\Procedural Programming 2\Project\Project\Source.cpp(676,2): warning C4996: 'scanf': This function or variable may be unsafe. Consider using scanf_s instead. To disable deprecation, use _CRT_SECURE_NO_WARNINGS. See online help for details.
C:\Users\dvlas\OneDrive - Atlantic TU\2nd Year\Procedural Programming 2\Project\Project\Source.cpp(679,2): warning C4996: 'scanf': This function or variable may be unsafe. Consider using scanf_s instead. To disable deprecation, use _CRT_SECURE_NO_WARNINGS. See online help for details.
C:\Users\dvlas\OneDrive - Atlantic TU\2nd Year\Procedural Programming 2\Project\Project\Source.cpp(694,3): warning C4996: 'scanf': This function or variable may be unsafe. Consider using scanf_s instead. To disable deprecation, use _CRT_SECURE_NO_WARNINGS. See online help for details.
C:\Users\dvlas\OneDrive - Atlantic TU\2nd Year\Procedural Programming 2\Project\Project\Source.cpp(706,3): warning C4996: 'scanf': This function or variable may be unsafe. Consider using scanf_s instead. To disable deprecation, use _CRT_SECURE_NO_WARNINGS. See online help for details.
C:\Users\dvlas\OneDrive - Atlantic TU\2nd Year\Procedural Programming 2\Project\Project\Source.cpp(714,3): warning C4996: 'scanf': This function or variable may be unsafe. Consider using scanf_s instead. To disable deprecation, use _CRT_SECURE_NO_WARNINGS. See online help for details.
C:\Users\dvlas\OneDrive - Atlantic TU\2nd Year\Procedural Programming 2\Project\Project\Source.cpp(724,3): warning C4996: 'scanf': This function or variable may be unsafe. Consider using scanf_s instead. To disable deprecation, use _CRT_SECURE_NO_WARNINGS. See online help for details.
C:\Users\dvlas\OneDrive - Atlantic TU\2nd Year\Procedural Programming 2\Project\Project\Source.cpp(733,13): warning C4996: 'fopen': This function or variable may be unsafe. Consider using fopen_s instead. To disable deprecation, use _CRT_SECURE_NO_WARNINGS. See online help for details.
C:\Users\dvlas\OneDrive - Atlantic TU\2nd Year\Procedural Programming 2\Project\Project\Source.cpp(779,2): warning C4996: 'strcpy': This function or variable may be unsafe. Consider using strcpy_s instead. To disable deprecation, use _CRT_SECURE_NO_WARNINGS. See online help for details.
C:\Users\dvlas\OneDrive - Atlantic TU\2nd Year\Procedural Programming 2\Project\Project\Source.cpp(780,2): warning C4996: 'strcpy': This function or variable may be unsafe. Consider using strcpy_s instead. To disable deprecation, use _CRT_SECURE_NO_WARNINGS. See online help for details.
C:\Users\dvlas\OneDrive - Atlantic TU\2nd Year\Procedural Programming 2\Project\Project\Source.cpp(781,2): warning C4996: 'strcpy': This function or variable may be unsafe. Consider using strcpy_s instead. To disable deprecation, use _CRT_SECURE_NO_WARNINGS. See online help for details.
C:\Users\dvlas\OneDrive - Atlantic TU\2nd Year\Procedural Programming 2\Project\Project\Source.cpp(784,2): warning C4996: 'strcpy': This function or variable may be unsafe. Consider using strcpy_s instead. To disable deprecation, use _CRT_SECURE_NO_WARNINGS. See online help for details.
C:\Users\dvlas\OneDrive - Atlantic TU\2nd Year\Procedural Programming 2\Project\Project\Source.cpp(785,2): warning C4996: 'strcpy': This function or variable may be unsafe. Consider using strcpy_s instead. To disable deprecation, use _CRT_SECURE_NO_WARNINGS. See online help for details.
C:\Users\dvlas\OneDrive - Atlantic TU\2nd Year\Procedural Programming 2\Project\Project\Source.cpp(786,2): warning C4996: 'strcpy': This function or variable may be unsafe. Consider using strcpy_s instead. To disable deprecation, use _CRT_SECURE_NO_WARNINGS. See online help for details.
C:\Users\dvlas\OneDrive - Atlantic TU\2nd Year\Procedural Programming 2\Project\Project\Source.cpp(797,2): warning C4996: 'strcpy': This function or variable may be unsafe. Consider using strcpy_s instead. To disable deprecation, use _CRT_SECURE_NO_WARNINGS. See online help for details.
C:\Users\dvlas\OneDrive - Atlantic TU\2nd Year\Procedural Programming 2\Project\Project\Source.cpp(798,2): warning C4996: 'strcpy': This function or variable may be unsafe. Consider using strcpy_s instead. To disable deprecation, use _CRT_SECURE_NO_WARNINGS. See online help for details.
C:\Users\dvlas\OneDrive - Atlantic TU\2nd Year\Procedural Programming 2\Project\Project\Source.cpp(799,2): warning C4996: 'strcpy': This function or variable may be unsafe. Consider using strcpy_s instead. To disable deprecation, use _CRT_SECURE_NO_WARNINGS. See online help for details.
  LINK : C:\Users\dvlas\OneDrive - Atlantic TU\2nd Year\Procedural Programming 2\Project\x64\Debug\Project.exe not found or not built by the last incremental link; performing full link
  Project.vcxproj -> C:\Users\dvlas\OneDrive - Atlantic TU\2nd Year\Procedural Programming 2\Project\x64\Debug\Project.exe
